<?xml version="1.0" encoding="UTF-8"?>
<!-- Generated by org.testng.reporters.JUnitReportReporter -->
<testsuite hostname="QT-INBG-LT0043" failures="0" tests="1" name="TestPackage.QualitestTweets" time="5.229" errors="0" timestamp="8 Apr 2021 04:53:08 GMT">
  <testcase classname="TestPackage.QualitestTweets" name="QualitestTweet" time="5.229"/>
</testsuite> <!-- TestPackage.QualitestTweets -->
