<?xml version="1.0" encoding="UTF-8"?>
<!-- Generated by org.testng.reporters.JUnitReportReporter -->
<testsuite hostname="QT-INBG-LT0043" failures="0" tests="1" name="TestPackage.GetUser_Tweets" time="5.386" errors="0" timestamp="8 Apr 2021 05:36:51 GMT">
  <testcase classname="TestPackage.GetUser_Tweets" name="QualitestTweet" time="5.386"/>
</testsuite> <!-- TestPackage.GetUser_Tweets -->
