<?xml version="1.0" encoding="UTF-8"?>
<!-- Generated by org.testng.reporters.JUnitReportReporter -->
<testsuite hostname="QT-INBG-LT0043" failures="0" tests="1" name="TestPackage.Block" time="7.318" errors="0" timestamp="8 Apr 2021 03:55:43 GMT">
  <testcase classname="TestPackage.Block" name="blockingUser" time="7.318"/>
</testsuite> <!-- TestPackage.Block -->
