<?xml version="1.0" encoding="UTF-8"?>
<!-- Generated by org.testng.reporters.JUnitReportReporter -->
<testsuite hostname="QT-INBG-LT0043" failures="0" tests="1" name="TestPackage.GetTweet" time="13.156" errors="0" timestamp="8 Apr 2021 04:55:58 GMT">
  <testcase classname="TestPackage.GetTweet" name="Tweet" time="13.156"/>
</testsuite> <!-- TestPackage.GetTweet -->
