<?xml version="1.0" encoding="UTF-8"?>
<!-- Generated by org.testng.reporters.JUnitReportReporter -->
<testsuite hostname="QT-INBG-LT0043" failures="0" tests="4" name="TestPackage.GetTrends" time="13.428" errors="0" timestamp="7 Apr 2021 12:57:27 GMT">
  <testcase classname="TestPackage.GetTrends" name="trending_HashTag" time="0.632"/>
  <testcase classname="TestPackage.GetTrends" name="trending_HashTag" time="11.632"/>
  <testcase classname="TestPackage.GetTrends" name="trending_HashTag" time="0.590"/>
  <testcase classname="TestPackage.GetTrends" name="trending_HashTag" time="0.574"/>
</testsuite> <!-- TestPackage.GetTrends -->
