<?xml version="1.0" encoding="UTF-8"?>
<!-- Generated by org.testng.reporters.JUnitReportReporter -->
<testsuite hostname="QT-INBG-LT0043" failures="0" tests="2" name="TestPackage.CreateTweet" time="5.264" errors="0" timestamp="8 Apr 2021 05:49:48 GMT">
  <testcase classname="TestPackage.CreateTweet" name="CreateTweet" time="5.258"/>
  <testcase classname="TestPackage.CreateTweet" name="Createtweet" time="0.006"/>
</testsuite> <!-- TestPackage.CreateTweet -->
