<?xml version="1.0" encoding="UTF-8"?>
<!-- Generated by org.testng.reporters.JUnitReportReporter -->
<testsuite hostname="QT-INBG-LT0043" failures="0" tests="1" name="TestPackage.WeatherUpdate" time="6.239" errors="0" timestamp="8 Apr 2021 05:03:16 GMT">
  <testcase classname="TestPackage.WeatherUpdate" name="Weather" time="6.239"/>
</testsuite> <!-- TestPackage.WeatherUpdate -->
