<?xml version="1.0" encoding="UTF-8"?>
<!-- Generated by org.testng.reporters.JUnitReportReporter -->
<testsuite hostname="QT-INBG-LT0043" failures="0" tests="1" name="TwitterAPI.TwitterAPIProject.AppTest" time="0.004" errors="0" timestamp="7 Apr 2021 10:43:25 GMT">
  <testcase classname="TwitterAPI.TwitterAPIProject.AppTest" name="shouldAnswerWithTrue" time="0.004"/>
</testsuite> <!-- TwitterAPI.TwitterAPIProject.AppTest -->
